INPUT:INIT

+++++++++ input data +++++++++
RUNTYPE = 1

NREP    = 8
NSET    = 100
NMCSD   = 100
NMCS    = 500
SEED    = 198212240
NVERMAX = 10000
NSEGMAX = 10000

ALGFILE = algorithm.xml
LATFILE = lattice.xml
OUTFILE = qmc.log
+++++++++ input data +++++++++
INPUT:INIT

+++++++++ input data +++++++++
RUNTYPE = 1

NREP    = 8
NSET    = 100
NMCSD   = 100
NMCS    = 500
SEED    = 198212240
NVERMAX = 10000
NSEGMAX = 10000

ALGFILE = algorithm.xml
LATFILE = lattice.xml
OUTFILE = qmc.log
+++++++++ input data +++++++++
INPUT:INIT

+++++++++ input data +++++++++
RUNTYPE = 1

NREP    = 8
NSET    = 100
NMCSD   = 100
NMCS    = 500
SEED    = 198212240
NVERMAX = 10000
NSEGMAX = 10000

ALGFILE = algorithm.xml
LATFILE = lattice.xml
OUTFILE = qmc.log
+++++++++ input data +++++++++
INPUT:INIT

+++++++++ input data +++++++++
RUNTYPE = 1

NREP    = 8
NSET    = 100
NMCSD   = 100
NMCS    = 500
SEED    = 198212240
NVERMAX = 10000
NSEGMAX = 10000

ALGFILE = algorithm.xml
LATFILE = lattice.xml
OUTFILE = qmc.log
+++++++++ input data +++++++++
INPUT:INIT

+++++++++ input data +++++++++
RUNTYPE = 1

NREP    = 8
NSET    = 100
NMCSD   = 100
NMCS    = 500
SEED    = 198212240
NVERMAX = 10000
NSEGMAX = 10000

ALGFILE = algorithm.xml
LATFILE = lattice.xml
OUTFILE = qmc.log
+++++++++ input data +++++++++
INPUT:INIT

+++++++++ input data +++++++++
RUNTYPE = 1

NREP    = 8
NSET    = 100
NMCSD   = 100
NMCS    = 500
SEED    = 198212240
NVERMAX = 10000
NSEGMAX = 10000

ALGFILE = algorithm.xml
LATFILE = lattice.xml
OUTFILE = qmc.log
+++++++++ input data +++++++++
INPUT:INIT

+++++++++ input data +++++++++
RUNTYPE = 1

NREP    = 8
NSET    = 100
NMCSD   = 100
NMCS    = 500
SEED    = 198212240
NVERMAX = 10000
NSEGMAX = 10000

ALGFILE = algorithm.xml
LATFILE = lattice.xml
OUTFILE = qmc.log
+++++++++ input data +++++++++
INPUT:INIT

+++++++++ input data +++++++++
RUNTYPE = 1

NREP    = 8
NSET    = 100
NMCSD   = 100
NMCS    = 500
SEED    = 198212240
NVERMAX = 10000
NSEGMAX = 10000

ALGFILE = algorithm.xml
LATFILE = lattice.xml
OUTFILE = qmc.log
+++++++++ input data +++++++++
