C This is DSQSS ver.1.1

P D       =            1
P L       =            1
P BETA    =       1.0000000000000000
P NSET    =          100
P NMCSE   =           10
P NMCSD   =          100
P NMCS    =          500
P SEED    =    198212240
P NSEGMAX =        10000
P NVERMAX =        10000
P NCYC    =            0
P ALGFILE = algorithm.xml
P LATFILE = lattice.xml
P OUTFILE = qmc.log
R anv    = 0.0000000000e+00 0.0000000000e+00
R ene    = 0.0000000000e+00 0.0000000000e+00
R spe    = 0.0000000000e+00 0.0000000000e+00
R len    = 0.0000000000e+00 0.0000000000e+00
R xmx    = 0.0000000000e+00 0.0000000000e+00
R amzu   = 0.0000000000e+00 0.0000000000e+00
R bmzu   = 0.0000000000e+00 0.0000000000e+00
R smzu   = 0.0000000000e+00 0.0000000000e+00
R xmzu   = 0.0000000000e+00 0.0000000000e+00
R amzs   = 0.0000000000e+00 0.0000000000e+00
R bmzs   = 0.0000000000e+00 0.0000000000e+00
R smzs   = 0.0000000000e+00 0.0000000000e+00
R xmzs   = 0.0000000000e+00 0.0000000000e+00
I [the maximum number of segments]          = 1
I [the maximum number of vertices]          = 2
I [the maximum number of reg. vertex info.] = 0
I [the index of replica exchange ]         = 0
